{"/Users/lucasrz/www/watermark-service/graphql/resolvers/get-watermark.js": {"path":"/Users/lucasrz/www/watermark-service/graphql/resolvers/get-watermark.js","statementMap":{"0":{"start":{"line":2,"column":24},"end":{"line":2,"column":63}},"1":{"start":{"line":3,"column":16},"end":{"line":3,"column":33}},"2":{"start":{"line":5,"column":2},"end":{"line":13,"column":5}},"3":{"start":{"line":6,"column":4},"end":{"line":12,"column":7}},"4":{"start":{"line":7,"column":6},"end":{"line":9,"column":7}},"5":{"start":{"line":8,"column":8},"end":{"line":8,"column":35}},"6":{"start":{"line":11,"column":6},"end":{"line":11,"column":33}},"7":{"start":{"line":16,"column":0},"end":{"line":16,"column":30}}},"fnMap":{"0":{"name":"getWatermark","decl":{"start":{"line":4,"column":9},"end":{"line":4,"column":21}},"loc":{"start":{"line":4,"column":34},"end":{"line":14,"column":1}},"line":4},"1":{"name":"(anonymous_1)","decl":{"start":{"line":5,"column":21},"end":{"line":5,"column":22}},"loc":{"start":{"line":5,"column":42},"end":{"line":13,"column":3}},"line":5},"2":{"name":"(anonymous_2)","decl":{"start":{"line":6,"column":31},"end":{"line":6,"column":32}},"loc":{"start":{"line":6,"column":50},"end":{"line":12,"column":5}},"line":6}},"branchMap":{"0":{"loc":{"start":{"line":7,"column":6},"end":{"line":9,"column":7}},"type":"if","locations":[{"start":{"line":7,"column":6},"end":{"line":9,"column":7}},{"start":{"line":7,"column":6},"end":{"line":9,"column":7}}],"line":7}},"s":{"0":1,"1":1,"2":4,"3":4,"4":0,"5":0,"6":0,"7":1},"f":{"0":4,"1":4,"2":0},"b":{"0":[0,0]},"_coverageSchema":"43e27e138ebf9cfc5966b082cf9a028302ed4184","hash":"e4e967b1faa157e6241d26e6fd579de354724e75"}
,"/Users/lucasrz/www/watermark-service/graphql/services/watermark-client.js": {"path":"/Users/lucasrz/www/watermark-service/graphql/services/watermark-client.js","statementMap":{"0":{"start":{"line":1,"column":14},"end":{"line":1,"column":29}},"1":{"start":{"line":2,"column":20},"end":{"line":2,"column":49}},"2":{"start":{"line":4,"column":26},"end":{"line":4,"column":78}},"3":{"start":{"line":5,"column":14},"end":{"line":5,"column":59}},"4":{"start":{"line":6,"column":16},"end":{"line":8,"column":1}},"5":{"start":{"line":10,"column":0},"end":{"line":10,"column":122}},"6":{"start":{"line":10,"column":23},"end":{"line":10,"column":122}}},"fnMap":{"0":{"name":"(anonymous_0)","decl":{"start":{"line":10,"column":17},"end":{"line":10,"column":18}},"loc":{"start":{"line":10,"column":23},"end":{"line":10,"column":122}},"line":10}},"branchMap":{},"s":{"0":1,"1":1,"2":1,"3":1,"4":1,"5":1,"6":1},"f":{"0":1},"b":{},"_coverageSchema":"43e27e138ebf9cfc5966b082cf9a028302ed4184","hash":"656f921a08b17434e12f814c6c14874f0d3606f7"}
,"/Users/lucasrz/www/watermark-service/grpc/main.js": {"path":"/Users/lucasrz/www/watermark-service/grpc/main.js","statementMap":{"0":{"start":{"line":1,"column":13},"end":{"line":1,"column":28}},"1":{"start":{"line":2,"column":25},"end":{"line":2,"column":57}},"2":{"start":{"line":3,"column":18},"end":{"line":3,"column":50}},"3":{"start":{"line":6,"column":15},"end":{"line":6,"column":55}},"4":{"start":{"line":7,"column":2},"end":{"line":9,"column":4}},"5":{"start":{"line":8,"column":4},"end":{"line":8,"column":82}},"6":{"start":{"line":11,"column":2},"end":{"line":11,"column":68}},"7":{"start":{"line":12,"column":2},"end":{"line":12,"column":46}},"8":{"start":{"line":14,"column":2},"end":{"line":14,"column":42}},"9":{"start":{"line":15,"column":2},"end":{"line":15,"column":46}},"10":{"start":{"line":18,"column":0},"end":{"line":20,"column":1}}},"fnMap":{"0":{"name":"start","decl":{"start":{"line":5,"column":15},"end":{"line":5,"column":20}},"loc":{"start":{"line":5,"column":27},"end":{"line":16,"column":1}},"line":5},"1":{"name":"(anonymous_1)","decl":{"start":{"line":7,"column":21},"end":{"line":7,"column":22}},"loc":{"start":{"line":7,"column":35},"end":{"line":9,"column":3}},"line":7}},"branchMap":{},"s":{"0":2,"1":2,"2":2,"3":1,"4":1,"5":0,"6":1,"7":1,"8":1,"9":1,"10":2},"f":{"0":1,"1":0},"b":{},"_coverageSchema":"43e27e138ebf9cfc5966b082cf9a028302ed4184","hash":"9b782864001320c83cf0ef847bb379a8c130ddd9"}
,"/Users/lucasrz/www/watermark-service/grpc/services/watermark/get-watermark.js": {"path":"/Users/lucasrz/www/watermark-service/grpc/services/watermark/get-watermark.js","statementMap":{"0":{"start":{"line":1,"column":20},"end":{"line":1,"column":50}},"1":{"start":{"line":2,"column":20},"end":{"line":2,"column":120}},"2":{"start":{"line":5,"column":20},"end":{"line":5,"column":43}},"3":{"start":{"line":6,"column":18},"end":{"line":6,"column":39}},"4":{"start":{"line":8,"column":24},"end":{"line":8,"column":79}},"5":{"start":{"line":9,"column":4},"end":{"line":9,"column":32}},"6":{"start":{"line":10,"column":23},"end":{"line":10,"column":91}},"7":{"start":{"line":13,"column":4},"end":{"line":13,"column":92}},"8":{"start":{"line":14,"column":20},"end":{"line":14,"column":58}},"9":{"start":{"line":15,"column":4},"end":{"line":17,"column":6}},"10":{"start":{"line":19,"column":4},"end":{"line":21,"column":5}},"11":{"start":{"line":20,"column":6},"end":{"line":20,"column":16}},"12":{"start":{"line":23,"column":4},"end":{"line":26,"column":7}},"13":{"start":{"line":24,"column":6},"end":{"line":24,"column":27}},"14":{"start":{"line":25,"column":6},"end":{"line":25,"column":37}},"15":{"start":{"line":28,"column":4},"end":{"line":28,"column":19}},"16":{"start":{"line":31,"column":0},"end":{"line":31,"column":30}}},"fnMap":{"0":{"name":"getWatermark","decl":{"start":{"line":4,"column":15},"end":{"line":4,"column":27}},"loc":{"start":{"line":4,"column":33},"end":{"line":29,"column":1}},"line":4},"1":{"name":"(anonymous_1)","decl":{"start":{"line":23,"column":20},"end":{"line":23,"column":21}},"loc":{"start":{"line":23,"column":30},"end":{"line":26,"column":5}},"line":23}},"branchMap":{"0":{"loc":{"start":{"line":13,"column":4},"end":{"line":13,"column":91}},"type":"cond-expr","locations":[{"start":{"line":13,"column":26},"end":{"line":13,"column":79}},{"start":{"line":13,"column":81},"end":{"line":13,"column":91}}],"line":13},"1":{"loc":{"start":{"line":13,"column":5},"end":{"line":13,"column":21}},"type":"binary-expr","locations":[{"start":{"line":13,"column":5},"end":{"line":13,"column":10}},{"start":{"line":13,"column":14},"end":{"line":13,"column":21}}],"line":13},"2":{"loc":{"start":{"line":19,"column":4},"end":{"line":21,"column":5}},"type":"if","locations":[{"start":{"line":19,"column":4},"end":{"line":21,"column":5}},{"start":{"line":19,"column":4},"end":{"line":21,"column":5}}],"line":19},"3":{"loc":{"start":{"line":19,"column":7},"end":{"line":19,"column":34}},"type":"binary-expr","locations":[{"start":{"line":19,"column":7},"end":{"line":19,"column":22}},{"start":{"line":19,"column":26},"end":{"line":19,"column":34}}],"line":19}},"s":{"0":2,"1":2,"2":10,"3":10,"4":10,"5":10,"6":10,"7":10,"8":10,"9":10,"10":10,"11":3,"12":7,"13":13,"14":13,"15":7,"16":2},"f":{"0":10,"1":13},"b":{"0":[8,2],"1":[10,6],"2":[3,7],"3":[10,7]},"_coverageSchema":"43e27e138ebf9cfc5966b082cf9a028302ed4184","hash":"0bfcc52a600b7f997b939a5ac63405fff143a2dc"}
,"/Users/lucasrz/www/watermark-service/grpc/services/watermark/index.js": {"path":"/Users/lucasrz/www/watermark-service/grpc/services/watermark/index.js","statementMap":{"0":{"start":{"line":1,"column":21},"end":{"line":1,"column":47}},"1":{"start":{"line":2,"column":18},"end":{"line":2,"column":48}},"2":{"start":{"line":4,"column":0},"end":{"line":11,"column":2}}},"fnMap":{},"branchMap":{},"s":{"0":2,"1":2,"2":2},"f":{},"b":{},"_coverageSchema":"43e27e138ebf9cfc5966b082cf9a028302ed4184","hash":"3c2af58a52714133a68e4afd1dec5f5cac26bb6c"}
}
