TN:
SF:/Users/lucasrz/www/watermark-service/graphql/resolvers/get-watermark.js
FN:4,getWatermark
FN:5,(anonymous_1)
FN:6,(anonymous_2)
FNF:3
FNH:2
FNDA:4,getWatermark
FNDA:4,(anonymous_1)
FNDA:0,(anonymous_2)
DA:2,1
DA:3,1
DA:5,4
DA:6,4
DA:7,0
DA:8,0
DA:11,0
DA:16,1
LF:8
LH:5
BRDA:7,0,0,0
BRDA:7,0,1,0
BRF:2
BRH:0
end_of_record
TN:
SF:/Users/lucasrz/www/watermark-service/graphql/services/watermark-client.js
FN:10,(anonymous_0)
FNF:1
FNH:1
FNDA:1,(anonymous_0)
DA:1,1
DA:2,1
DA:4,1
DA:5,1
DA:6,1
DA:10,1
LF:6
LH:6
BRF:0
BRH:0
end_of_record
TN:
SF:/Users/lucasrz/www/watermark-service/grpc/main.js
FN:5,start
FN:7,(anonymous_1)
FNF:2
FNH:1
FNDA:1,start
FNDA:0,(anonymous_1)
DA:1,2
DA:2,2
DA:3,2
DA:6,1
DA:7,1
DA:8,0
DA:11,1
DA:12,1
DA:14,1
DA:15,1
DA:18,2
LF:11
LH:10
BRF:0
BRH:0
end_of_record
TN:
SF:/Users/lucasrz/www/watermark-service/grpc/services/watermark/get-watermark.js
FN:4,getWatermark
FN:23,(anonymous_1)
FNF:2
FNH:2
FNDA:10,getWatermark
FNDA:13,(anonymous_1)
DA:1,2
DA:2,2
DA:5,10
DA:6,10
DA:8,10
DA:9,10
DA:10,10
DA:13,10
DA:14,10
DA:15,10
DA:19,10
DA:20,3
DA:23,7
DA:24,13
DA:25,13
DA:28,7
DA:31,2
LF:17
LH:17
BRDA:13,0,0,8
BRDA:13,0,1,2
BRDA:13,1,0,10
BRDA:13,1,1,6
BRDA:19,2,0,3
BRDA:19,2,1,7
BRDA:19,3,0,10
BRDA:19,3,1,7
BRF:8
BRH:8
end_of_record
TN:
SF:/Users/lucasrz/www/watermark-service/grpc/services/watermark/index.js
FNF:0
FNH:0
DA:1,2
DA:2,2
DA:4,2
LF:3
LH:3
BRF:0
BRH:0
end_of_record
